Health Step Count (Sample Code)/stepcount/app/build/intermediates/manifest_merge_blame_file/debug/manifest-merger-blame-debug-report.txt
1<?xml version="1.0" encoding="utf-8"?>
2<manifest xmlns:android="http://schemas.android.com/apk/res/android"
3    package="com.samsung.sdc21.stepcount"
4    android:versionCode="2"
5    android:versionName="1.1" >
6
7    <uses-sdk
8        android:minSdkVersion="30"
8-->src\main\AndroidManifest.xml
9        android:targetSdkVersion="32" />
9-->src\main\AndroidManifest.xml
10
11    <uses-permission android:name="android.permission.WAKE_LOCK" />
11-->src\main\AndroidManifest.xml:5:5-68
11-->src\main\AndroidManifest.xml:5:22-65
12
13    <uses-feature android:name="android.hardware.type.watch" />
13-->src\main\AndroidManifest.xml:7:5-64
13-->src\main\AndroidManifest.xml:7:19-61
14
15    <uses-permission android:name="android.permission.NEARBY_WIFI_DEVICES" />
15-->src\main\AndroidManifest.xml:9:5-77
15-->src\main\AndroidManifest.xml:9:22-75
16    <uses-permission android:name="android.permission.INTERNET" />
16-->src\main\AndroidManifest.xml:10:5-67
16-->src\main\AndroidManifest.xml:10:22-64
17    <uses-permission android:name="android.permission.ACCESS_NETWORK_STATE" />
17-->src\main\AndroidManifest.xml:11:5-79
17-->src\main\AndroidManifest.xml:11:22-76
18    <uses-permission android:name="android.permission.BODY_SENSORS" />
18-->src\main\AndroidManifest.xml:12:5-70
18-->src\main\AndroidManifest.xml:12:22-68
19
20    <queries>
20-->[com.google.android.libraries.healthdata:health-data-api:1.1.0-alpha01] AndroidManifest.xml:7:5-11:15
21        <package android:name="com.samsung.android.service.health" />
21-->[com.google.android.libraries.healthdata:health-data-api:1.1.0-alpha01] AndroidManifest.xml:8:9-70
21-->[com.google.android.libraries.healthdata:health-data-api:1.1.0-alpha01] AndroidManifest.xml:8:18-67
22        <package android:name="com.sec.android.app.samsungapps" />
22-->[com.google.android.libraries.healthdata:health-data-api:1.1.0-alpha01] AndroidManifest.xml:9:9-67
22-->[com.google.android.libraries.healthdata:health-data-api:1.1.0-alpha01] AndroidManifest.xml:9:18-64
23        <package android:name="com.android.vending" />
23-->[com.google.android.libraries.healthdata:health-data-api:1.1.0-alpha01] AndroidManifest.xml:10:9-55
23-->[com.google.android.libraries.healthdata:health-data-api:1.1.0-alpha01] AndroidManifest.xml:10:18-52
24    </queries>
25
26    <application
26-->src\main\AndroidManifest.xml:14:5-42:19
27        android:allowBackup="true"
27-->src\main\AndroidManifest.xml:15:9-35
28        android:appComponentFactory="androidx.core.app.CoreComponentFactory"
28-->[androidx.core:core:1.6.0] AndroidManifest.xml:24:18-86
29        android:debuggable="true"
30        android:extractNativeLibs="false"
31        android:icon="@mipmap/ic_launcher"
31-->src\main\AndroidManifest.xml:16:9-43
32        android:label="@string/app_name"
32-->src\main\AndroidManifest.xml:17:9-41
33        android:supportsRtl="true"
33-->src\main\AndroidManifest.xml:18:9-35
34        android:testOnly="true"
35        android:theme="@android:style/Theme.DeviceDefault" >
35-->src\main\AndroidManifest.xml:19:9-59
36        <uses-library
36-->src\main\AndroidManifest.xml:20:9-22:39
37            android:name="com.google.android.wearable"
37-->src\main\AndroidManifest.xml:21:13-55
38            android:required="true" />
38-->src\main\AndroidManifest.xml:22:13-36
39
40        <!--
41               Set to true if your app is Standalone, that is, it does not require the handheld
42               app to run.
43        -->
44        <meta-data
44-->src\main\AndroidManifest.xml:28:9-30:36
45            android:name="com.google.android.wearable.standalone"
45-->src\main\AndroidManifest.xml:29:13-66
46            android:value="true" />
46-->src\main\AndroidManifest.xml:30:13-33
47
48        <activity
48-->src\main\AndroidManifest.xml:32:9-41:20
49            android:name="com.samsung.sdc21.stepcount.MainActivity"
49-->src\main\AndroidManifest.xml:33:13-68
50            android:exported="true" >
50-->src\main\AndroidManifest.xml:34:13-36
51            <intent-filter>
51-->src\main\AndroidManifest.xml:35:13-40:29
52                <action android:name="android.intent.action.MAIN" />
52-->src\main\AndroidManifest.xml:36:17-69
52-->src\main\AndroidManifest.xml:36:25-66
53
54                <category android:name="android.intent.category.LAUNCHER" />
54-->src\main\AndroidManifest.xml:38:17-77
54-->src\main\AndroidManifest.xml:38:27-74
55
56                <action android:name="android.hardware.sensor.action.TRIGGER" />
56-->src\main\AndroidManifest.xml:39:17-81
56-->src\main\AndroidManifest.xml:39:25-78
57            </intent-filter>
58        </activity>
59        <activity
59-->[com.google.android.libraries.healthdata:health-data-api:1.1.0-alpha01] AndroidManifest.xml:14:9-17:67
60            android:name="com.google.android.libraries.healthdata.impl.permission.ProviderPermissionActivity"
60-->[com.google.android.libraries.healthdata:health-data-api:1.1.0-alpha01] AndroidManifest.xml:15:13-110
61            android:exported="false"
61-->[com.google.android.libraries.healthdata:health-data-api:1.1.0-alpha01] AndroidManifest.xml:16:13-37
62            android:theme="@style/Theme.HealthData.Transparent" />
62-->[com.google.android.libraries.healthdata:health-data-api:1.1.0-alpha01] AndroidManifest.xml:17:13-64
63        <activity
63-->[com.google.android.gms:play-services-base:17.5.0] AndroidManifest.xml:23:9-26:75
64            android:name="com.google.android.gms.common.api.GoogleApiActivity"
64-->[com.google.android.gms:play-services-base:17.5.0] AndroidManifest.xml:24:13-79
65            android:exported="false"
65-->[com.google.android.gms:play-services-base:17.5.0] AndroidManifest.xml:25:13-37
66            android:theme="@android:style/Theme.Translucent.NoTitleBar" />
66-->[com.google.android.gms:play-services-base:17.5.0] AndroidManifest.xml:26:13-72
67
68        <meta-data
68-->[com.google.android.gms:play-services-basement:18.0.0] AndroidManifest.xml:21:9-23:69
69            android:name="com.google.android.gms.version"
69-->[com.google.android.gms:play-services-basement:18.0.0] AndroidManifest.xml:22:13-58
70            android:value="@integer/google_play_services_version" />
70-->[com.google.android.gms:play-services-basement:18.0.0] AndroidManifest.xml:23:13-66
71    </application>
72
73</manifest>